<?xml version="1.0" encoding="UTF-8"?>
<testng-results skipped="0" failed="3" ignored="9" total="54" passed="42">
  <reporter-output>
  </reporter-output>
  <suite name="All Test Suite" duration-ms="226272" started-at="2023-06-05T20:50:26 CDT" finished-at="2023-06-05T20:54:12 CDT">
    <groups>
    </groups>
    <test name="/Users/akinkaya/IdeaProjects/ui_automation_6/src/test/java/scripts" duration-ms="226272" started-at="2023-06-05T20:50:26 CDT" finished-at="2023-06-05T20:54:12 CDT">
      <class name="scripts._07_TGDynamicElementsTest">
        <test-method status="PASS" signature="setUp()[pri:0, instance:scripts._07_TGDynamicElementsTest@64bf3bbf]" name="setUp" is-config="true" duration-ms="1132" started-at="2023-06-05T20:52:22 CDT" finished-at="2023-06-05T20:52:23 CDT">
          <reporter-output>
          </reporter-output>
        </test-method> <!-- setUp -->
        <test-method status="PASS" signature="setPage()[pri:0, instance:scripts._07_TGDynamicElementsTest@64bf3bbf]" name="setPage" is-config="true" duration-ms="818" started-at="2023-06-05T20:52:23 CDT" finished-at="2023-06-05T20:52:24 CDT">
          <reporter-output>
          </reporter-output>
        </test-method> <!-- setPage -->
        <test-method status="PASS" signature="validateDynamicElementBox1()[pri:0, instance:scripts._07_TGDynamicElementsTest@64bf3bbf]" name="validateDynamicElementBox1" duration-ms="32" started-at="2023-06-05T20:52:24 CDT" finished-at="2023-06-05T20:52:24 CDT">
          <reporter-output>
          </reporter-output>
        </test-method> <!-- validateDynamicElementBox1 -->
        <test-method status="PASS" signature="tearDown()[pri:0, instance:scripts._07_TGDynamicElementsTest@64bf3bbf]" name="tearDown" is-config="true" duration-ms="574" started-at="2023-06-05T20:52:24 CDT" finished-at="2023-06-05T20:52:24 CDT">
          <reporter-output>
          </reporter-output>
        </test-method> <!-- tearDown -->
        <test-method status="PASS" signature="setUp()[pri:0, instance:scripts._07_TGDynamicElementsTest@64bf3bbf]" name="setUp" is-config="true" duration-ms="1130" started-at="2023-06-05T20:52:24 CDT" finished-at="2023-06-05T20:52:25 CDT">
          <reporter-output>
          </reporter-output>
        </test-method> <!-- setUp -->
        <test-method status="PASS" signature="setPage()[pri:0, instance:scripts._07_TGDynamicElementsTest@64bf3bbf]" name="setPage" is-config="true" duration-ms="735" started-at="2023-06-05T20:52:25 CDT" finished-at="2023-06-05T20:52:26 CDT">
          <reporter-output>
          </reporter-output>
        </test-method> <!-- setPage -->
        <test-method status="PASS" signature="validateDynamicElementBox2()[pri:0, instance:scripts._07_TGDynamicElementsTest@64bf3bbf]" name="validateDynamicElementBox2" duration-ms="34" started-at="2023-06-05T20:52:26 CDT" finished-at="2023-06-05T20:52:26 CDT">
          <reporter-output>
          </reporter-output>
        </test-method> <!-- validateDynamicElementBox2 -->
        <test-method status="PASS" signature="tearDown()[pri:0, instance:scripts._07_TGDynamicElementsTest@64bf3bbf]" name="tearDown" is-config="true" duration-ms="574" started-at="2023-06-05T20:52:26 CDT" finished-at="2023-06-05T20:52:27 CDT">
          <reporter-output>
          </reporter-output>
        </test-method> <!-- tearDown -->
        <test-method status="PASS" signature="setUp()[pri:0, instance:scripts._07_TGDynamicElementsTest@64bf3bbf]" name="setUp" is-config="true" duration-ms="1150" started-at="2023-06-05T20:52:27 CDT" finished-at="2023-06-05T20:52:28 CDT">
          <reporter-output>
          </reporter-output>
        </test-method> <!-- setUp -->
        <test-method status="PASS" signature="setPage()[pri:0, instance:scripts._07_TGDynamicElementsTest@64bf3bbf]" name="setPage" is-config="true" duration-ms="735" started-at="2023-06-05T20:52:28 CDT" finished-at="2023-06-05T20:52:28 CDT">
          <reporter-output>
          </reporter-output>
        </test-method> <!-- setPage -->
        <test-method status="PASS" signature="validateDynamicElementBoxes()[pri:0, instance:scripts._07_TGDynamicElementsTest@64bf3bbf]" name="validateDynamicElementBoxes" duration-ms="46" started-at="2023-06-05T20:52:28 CDT" finished-at="2023-06-05T20:52:29 CDT">
          <reporter-output>
          </reporter-output>
        </test-method> <!-- validateDynamicElementBoxes -->
        <test-method status="PASS" signature="tearDown()[pri:0, instance:scripts._07_TGDynamicElementsTest@64bf3bbf]" name="tearDown" is-config="true" duration-ms="581" started-at="2023-06-05T20:52:29 CDT" finished-at="2023-06-05T20:52:29 CDT">
          <reporter-output>
          </reporter-output>
        </test-method> <!-- tearDown -->
      </class> <!-- scripts._07_TGDynamicElementsTest -->
      <class name="scripts._16_TGFileDownload">
        <test-method status="PASS" signature="setUp()[pri:0, instance:scripts._16_TGFileDownload@1e127982]" name="setUp" is-config="true" duration-ms="1893" started-at="2023-06-05T20:50:26 CDT" finished-at="2023-06-05T20:50:28 CDT">
          <reporter-output>
          </reporter-output>
        </test-method> <!-- setUp -->
        <test-method status="PASS" signature="setPage()[pri:0, instance:scripts._16_TGFileDownload@1e127982]" name="setPage" is-config="true" duration-ms="670" started-at="2023-06-05T20:50:28 CDT" finished-at="2023-06-05T20:50:28 CDT">
          <reporter-output>
          </reporter-output>
        </test-method> <!-- setPage -->
        <test-method status="PASS" signature="validateFileDownload()[pri:0, instance:scripts._16_TGFileDownload@1e127982]" name="validateFileDownload" duration-ms="34" started-at="2023-06-05T20:50:28 CDT" finished-at="2023-06-05T20:50:29 CDT">
          <reporter-output>
          </reporter-output>
        </test-method> <!-- validateFileDownload -->
        <test-method status="PASS" signature="tearDown()[pri:0, instance:scripts._16_TGFileDownload@1e127982]" name="tearDown" is-config="true" duration-ms="581" started-at="2023-06-05T20:50:29 CDT" finished-at="2023-06-05T20:50:29 CDT">
          <reporter-output>
          </reporter-output>
        </test-method> <!-- tearDown -->
      </class> <!-- scripts._16_TGFileDownload -->
      <class name="scripts._08_TGWaitsTest">
        <test-method status="PASS" signature="setUp()[pri:0, instance:scripts._08_TGWaitsTest@55d56113]" name="setUp" is-config="true" duration-ms="1133" started-at="2023-06-05T20:52:29 CDT" finished-at="2023-06-05T20:52:30 CDT">
          <reporter-output>
          </reporter-output>
        </test-method> <!-- setUp -->
        <test-method status="PASS" signature="setPage()[pri:0, instance:scripts._08_TGWaitsTest@55d56113]" name="setPage" is-config="true" duration-ms="600" started-at="2023-06-05T20:52:30 CDT" finished-at="2023-06-05T20:52:31 CDT">
          <reporter-output>
          </reporter-output>
        </test-method> <!-- setPage -->
        <test-method status="FAIL" signature="waitForBlueBox()[pri:0, instance:scripts._08_TGWaitsTest@55d56113]" name="waitForBlueBox" duration-ms="30084" started-at="2023-06-05T20:52:31 CDT" finished-at="2023-06-05T20:53:01 CDT">
          <exception class="org.openqa.selenium.NoSuchElementException">
            <message>
              <![CDATA[no such element: Unable to locate element: {"method":"css selector","selector":"button[class*='blue_box']"}
  (Session info: chrome=113.0.5672.129)
For documentation on this error, please visit: https://www.seleniumhq.org/exceptions/no_such_element.html
Build info: version: '3.141.59', revision: 'e82be7d358', time: '2018-11-14T08:17:03'
System info: host: 'DESKTOP-GSM8J5H', ip: '192.168.86.25', os.name: 'Windows 10', os.arch: 'amd64', os.version: '10.0', java.version: '1.8.0_341'
Driver info: org.openqa.selenium.chrome.ChromeDriver
Capabilities {acceptInsecureCerts: false, browserName: chrome, browserVersion: 113.0.5672.129, chrome: {chromedriverVersion: 113.0.5672.63 (0e1a4471d5ae..., userDataDir: C:\Users\Youse\AppData\Loca...}, goog:chromeOptions: {debuggerAddress: localhost:64374}, javascriptEnabled: true, networkConnectionEnabled: false, pageLoadStrategy: normal, platform: WINDOWS, platformName: WINDOWS, proxy: Proxy(), setWindowRect: true, strictFileInteractability: false, timeouts: {implicit: 0, pageLoad: 300000, script: 30000}, unhandledPromptBehavior: dismiss and notify, webauthn:extension:credBlob: true, webauthn:extension:largeBlob: true, webauthn:extension:minPinLength: true, webauthn:extension:prf: true, webauthn:virtualAuthenticators: true}
Session ID: eb94e3f46ff4eb56999af01fa9740f0e
*** Element info: {Using=css selector, value=button[class*='blue_box']}]]>
            </message>
            <full-stacktrace>
              <![CDATA[org.openqa.selenium.NoSuchElementException: no such element: Unable to locate element: {"method":"css selector","selector":"button[class*='blue_box']"}
  (Session info: chrome=113.0.5672.129)
For documentation on this error, please visit: https://www.seleniumhq.org/exceptions/no_such_element.html
Build info: version: '3.141.59', revision: 'e82be7d358', time: '2018-11-14T08:17:03'
System info: host: 'DESKTOP-GSM8J5H', ip: '192.168.86.25', os.name: 'Windows 10', os.arch: 'amd64', os.version: '10.0', java.version: '1.8.0_341'
Driver info: org.openqa.selenium.chrome.ChromeDriver
Capabilities {acceptInsecureCerts: false, browserName: chrome, browserVersion: 113.0.5672.129, chrome: {chromedriverVersion: 113.0.5672.63 (0e1a4471d5ae..., userDataDir: C:\Users\Youse\AppData\Loca...}, goog:chromeOptions: {debuggerAddress: localhost:64374}, javascriptEnabled: true, networkConnectionEnabled: false, pageLoadStrategy: normal, platform: WINDOWS, platformName: WINDOWS, proxy: Proxy(), setWindowRect: true, strictFileInteractability: false, timeouts: {implicit: 0, pageLoad: 300000, script: 30000}, unhandledPromptBehavior: dismiss and notify, webauthn:extension:credBlob: true, webauthn:extension:largeBlob: true, webauthn:extension:minPinLength: true, webauthn:extension:prf: true, webauthn:virtualAuthenticators: true}
Session ID: eb94e3f46ff4eb56999af01fa9740f0e
*** Element info: {Using=css selector, value=button[class*='blue_box']}
at sun.reflect.NativeConstructorAccessorImpl.newInstance0(Native Method)
at sun.reflect.NativeConstructorAccessorImpl.newInstance(NativeConstructorAccessorImpl.java:62)
at sun.reflect.DelegatingConstructorAccessorImpl.newInstance(DelegatingConstructorAccessorImpl.java:45)
at java.lang.reflect.Constructor.newInstance(Constructor.java:423)
at org.openqa.selenium.remote.http.W3CHttpResponseCodec.createException(W3CHttpResponseCodec.java:187)
at org.openqa.selenium.remote.http.W3CHttpResponseCodec.decode(W3CHttpResponseCodec.java:122)
at org.openqa.selenium.remote.http.W3CHttpResponseCodec.decode(W3CHttpResponseCodec.java:49)
at org.openqa.selenium.remote.HttpCommandExecutor.execute(HttpCommandExecutor.java:158)
at org.openqa.selenium.remote.service.DriverCommandExecutor.execute(DriverCommandExecutor.java:83)
at org.openqa.selenium.remote.RemoteWebDriver.execute(RemoteWebDriver.java:552)
at org.openqa.selenium.remote.RemoteWebDriver.findElement(RemoteWebDriver.java:323)
at org.openqa.selenium.remote.RemoteWebDriver.findElementByCssSelector(RemoteWebDriver.java:420)
at org.openqa.selenium.By$ByCssSelector.findElement(By.java:431)
at org.openqa.selenium.remote.RemoteWebDriver.findElement(RemoteWebDriver.java:315)
at scripts._08_TGWaitsTest.waitForBlueBox(_08_TGWaitsTest.java:48)
at sun.reflect.NativeMethodAccessorImpl.invoke0(Native Method)
at sun.reflect.NativeMethodAccessorImpl.invoke(NativeMethodAccessorImpl.java:62)
at sun.reflect.DelegatingMethodAccessorImpl.invoke(DelegatingMethodAccessorImpl.java:43)
at java.lang.reflect.Method.invoke(Method.java:498)
at org.testng.internal.MethodInvocationHelper.invokeMethod(MethodInvocationHelper.java:134)
at org.testng.internal.TestInvoker.invokeMethod(TestInvoker.java:597)
at org.testng.internal.TestInvoker.invokeTestMethod(TestInvoker.java:173)
at org.testng.internal.MethodRunner.runInSequence(MethodRunner.java:46)
at org.testng.internal.TestInvoker$MethodInvocationAgent.invoke(TestInvoker.java:816)
at org.testng.internal.TestInvoker.invokeTestMethods(TestInvoker.java:146)
at org.testng.internal.TestMethodWorker.invokeTestMethods(TestMethodWorker.java:146)
at org.testng.internal.TestMethodWorker.run(TestMethodWorker.java:128)
at java.util.ArrayList.forEach(ArrayList.java:1259)
at org.testng.TestRunner.privateRun(TestRunner.java:766)
at org.testng.TestRunner.run(TestRunner.java:587)
at org.testng.SuiteRunner.runTest(SuiteRunner.java:384)
at org.testng.SuiteRunner.runSequentially(SuiteRunner.java:378)
at org.testng.SuiteRunner.privateRun(SuiteRunner.java:337)
at org.testng.SuiteRunner.run(SuiteRunner.java:286)
at org.testng.SuiteRunnerWorker.runSuite(SuiteRunnerWorker.java:53)
at org.testng.SuiteRunnerWorker.run(SuiteRunnerWorker.java:96)
at org.testng.TestNG.runSuitesSequentially(TestNG.java:1187)
at org.testng.TestNG.runSuitesLocally(TestNG.java:1109)
at org.testng.TestNG.runSuites(TestNG.java:1039)
at org.testng.TestNG.run(TestNG.java:1007)
at org.apache.maven.surefire.testng.TestNGExecutor.run(TestNGExecutor.java:281)
at org.apache.maven.surefire.testng.TestNGXmlTestSuite.execute(TestNGXmlTestSuite.java:75)
at org.apache.maven.surefire.testng.TestNGProvider.invoke(TestNGProvider.java:121)
at org.apache.maven.surefire.booter.ForkedBooter.invokeProviderInSameClassLoader(ForkedBooter.java:290)
at org.apache.maven.surefire.booter.ForkedBooter.runSuitesInProcess(ForkedBooter.java:242)
at org.apache.maven.surefire.booter.ForkedBooter.main(ForkedBooter.java:121)
]]>
            </full-stacktrace>
          </exception> <!-- org.openqa.selenium.NoSuchElementException -->
          <reporter-output>
          </reporter-output>
        </test-method> <!-- waitForBlueBox -->
        <test-method status="PASS" signature="tearDown()[pri:0, instance:scripts._08_TGWaitsTest@55d56113]" name="tearDown" is-config="true" duration-ms="596" started-at="2023-06-05T20:53:01 CDT" finished-at="2023-06-05T20:53:02 CDT">
          <reporter-output>
          </reporter-output>
        </test-method> <!-- tearDown -->
        <test-method status="PASS" signature="setUp()[pri:0, instance:scripts._08_TGWaitsTest@55d56113]" name="setUp" is-config="true" duration-ms="1138" started-at="2023-06-05T20:53:02 CDT" finished-at="2023-06-05T20:53:03 CDT">
          <reporter-output>
          </reporter-output>
        </test-method> <!-- setUp -->
        <test-method status="PASS" signature="setPage()[pri:0, instance:scripts._08_TGWaitsTest@55d56113]" name="setPage" is-config="true" duration-ms="748" started-at="2023-06-05T20:53:03 CDT" finished-at="2023-06-05T20:53:03 CDT">
          <reporter-output>
          </reporter-output>
        </test-method> <!-- setPage -->
        <test-method status="PASS" signature="waitForRedBox()[pri:0, instance:scripts._08_TGWaitsTest@55d56113]" name="waitForRedBox" duration-ms="10097" started-at="2023-06-05T20:53:03 CDT" finished-at="2023-06-05T20:53:14 CDT">
          <reporter-output>
          </reporter-output>
        </test-method> <!-- waitForRedBox -->
        <test-method status="PASS" signature="tearDown()[pri:0, instance:scripts._08_TGWaitsTest@55d56113]" name="tearDown" is-config="true" duration-ms="596" started-at="2023-06-05T20:53:14 CDT" finished-at="2023-06-05T20:53:14 CDT">
          <reporter-output>
          </reporter-output>
        </test-method> <!-- tearDown -->
      </class> <!-- scripts._08_TGWaitsTest -->
      <class name="scripts._13_IFrameTest">
        <test-method status="PASS" signature="setUp()[pri:0, instance:scripts._13_IFrameTest@7e0b0338]" name="setUp" is-config="true" duration-ms="1121" started-at="2023-06-05T20:53:41 CDT" finished-at="2023-06-05T20:53:43 CDT">
          <reporter-output>
          </reporter-output>
        </test-method> <!-- setUp -->
        <test-method status="PASS" signature="setPage()[pri:0, instance:scripts._13_IFrameTest@7e0b0338]" name="setPage" is-config="true" duration-ms="527" started-at="2023-06-05T20:53:43 CDT" finished-at="2023-06-05T20:53:43 CDT">
          <reporter-output>
          </reporter-output>
        </test-method> <!-- setPage -->
        <test-method status="PASS" signature="validateTheParagraph()[pri:1, instance:scripts._13_IFrameTest@7e0b0338]" name="validateTheParagraph" duration-ms="182" started-at="2023-06-05T20:53:43 CDT" description="TC123: Validate the IFrame Page content paragraph" finished-at="2023-06-05T20:53:43 CDT">
          <reporter-output>
          </reporter-output>
        </test-method> <!-- validateTheParagraph -->
        <test-method status="PASS" signature="tearDown()[pri:0, instance:scripts._13_IFrameTest@7e0b0338]" name="tearDown" is-config="true" duration-ms="590" started-at="2023-06-05T20:53:43 CDT" finished-at="2023-06-05T20:53:44 CDT">
          <reporter-output>
          </reporter-output>
        </test-method> <!-- tearDown -->
        <test-method status="PASS" signature="setUp()[pri:0, instance:scripts._13_IFrameTest@7e0b0338]" name="setUp" is-config="true" duration-ms="1133" started-at="2023-06-05T20:53:44 CDT" finished-at="2023-06-05T20:53:45 CDT">
          <reporter-output>
          </reporter-output>
        </test-method> <!-- setUp -->
        <test-method status="PASS" signature="setPage()[pri:0, instance:scripts._13_IFrameTest@7e0b0338]" name="setPage" is-config="true" duration-ms="674" started-at="2023-06-05T20:53:45 CDT" finished-at="2023-06-05T20:53:46 CDT">
          <reporter-output>
          </reporter-output>
        </test-method> <!-- setPage -->
        <test-method status="PASS" signature="validateTheFormSubmission()[pri:2, instance:scripts._13_IFrameTest@7e0b0338]" name="validateTheFormSubmission" duration-ms="372" started-at="2023-06-05T20:53:46 CDT" description="TC345 Validate the form submission" finished-at="2023-06-05T20:53:46 CDT">
          <reporter-output>
          </reporter-output>
        </test-method> <!-- validateTheFormSubmission -->
        <test-method status="PASS" signature="tearDown()[pri:0, instance:scripts._13_IFrameTest@7e0b0338]" name="tearDown" is-config="true" duration-ms="571" started-at="2023-06-05T20:53:46 CDT" finished-at="2023-06-05T20:53:47 CDT">
          <reporter-output>
          </reporter-output>
        </test-method> <!-- tearDown -->
      </class> <!-- scripts._13_IFrameTest -->
      <class name="scripts._01_ProjectTest">
        <test-method status="PASS" signature="setUp()[pri:0, instance:scripts._01_ProjectTest@2d928643]" name="setUp" is-config="true" duration-ms="1155" started-at="2023-06-05T20:51:04 CDT" finished-at="2023-06-05T20:51:06 CDT">
          <reporter-output>
          </reporter-output>
        </test-method> <!-- setUp -->
        <test-method status="PASS" signature="setPage()[pri:0, instance:scripts._01_ProjectTest@2d928643]" name="setPage" is-config="true" duration-ms="431" started-at="2023-06-05T20:51:06 CDT" finished-at="2023-06-05T20:51:06 CDT">
          <reporter-output>
          </reporter-output>
        </test-method> <!-- setPage -->
        <test-method status="PASS" signature="validateTheAddressInputBox()[pri:4, instance:scripts._01_ProjectTest@2d928643]" name="validateTheAddressInputBox" duration-ms="88" started-at="2023-06-05T20:51:06 CDT" finished-at="2023-06-05T20:51:06 CDT">
          <reporter-output>
          </reporter-output>
        </test-method> <!-- validateTheAddressInputBox -->
        <test-method status="PASS" signature="tearDown()[pri:0, instance:scripts._01_ProjectTest@2d928643]" name="tearDown" is-config="true" duration-ms="587" started-at="2023-06-05T20:51:06 CDT" finished-at="2023-06-05T20:51:07 CDT">
          <reporter-output>
          </reporter-output>
        </test-method> <!-- tearDown -->
        <test-method status="PASS" signature="setUp()[pri:0, instance:scripts._01_ProjectTest@2d928643]" name="setUp" is-config="true" duration-ms="1139" started-at="2023-06-05T20:51:07 CDT" finished-at="2023-06-05T20:51:08 CDT">
          <reporter-output>
          </reporter-output>
        </test-method> <!-- setUp -->
        <test-method status="PASS" signature="setPage()[pri:0, instance:scripts._01_ProjectTest@2d928643]" name="setPage" is-config="true" duration-ms="619" started-at="2023-06-05T20:51:08 CDT" finished-at="2023-06-05T20:51:08 CDT">
          <reporter-output>
          </reporter-output>
        </test-method> <!-- setPage -->
        <test-method status="PASS" signature="validateTheEmailInputBox()[pri:5, instance:scripts._01_ProjectTest@2d928643]" name="validateTheEmailInputBox" duration-ms="75" started-at="2023-06-05T20:51:08 CDT" finished-at="2023-06-05T20:51:08 CDT">
          <reporter-output>
          </reporter-output>
        </test-method> <!-- validateTheEmailInputBox -->
        <test-method status="PASS" signature="tearDown()[pri:0, instance:scripts._01_ProjectTest@2d928643]" name="tearDown" is-config="true" duration-ms="594" started-at="2023-06-05T20:51:08 CDT" finished-at="2023-06-05T20:51:09 CDT">
          <reporter-output>
          </reporter-output>
        </test-method> <!-- tearDown -->
        <test-method status="PASS" signature="setUp()[pri:0, instance:scripts._01_ProjectTest@2d928643]" name="setUp" is-config="true" duration-ms="1141" started-at="2023-06-05T20:51:09 CDT" finished-at="2023-06-05T20:51:10 CDT">
          <reporter-output>
          </reporter-output>
        </test-method> <!-- setUp -->
        <test-method status="PASS" signature="setPage()[pri:0, instance:scripts._01_ProjectTest@2d928643]" name="setPage" is-config="true" duration-ms="589" started-at="2023-06-05T20:51:10 CDT" finished-at="2023-06-05T20:51:11 CDT">
          <reporter-output>
          </reporter-output>
        </test-method> <!-- setPage -->
        <test-method status="PASS" signature="validateThePhoneInputBox()[pri:6, instance:scripts._01_ProjectTest@2d928643]" name="validateThePhoneInputBox" duration-ms="67" started-at="2023-06-05T20:51:11 CDT" finished-at="2023-06-05T20:51:11 CDT">
          <reporter-output>
          </reporter-output>
        </test-method> <!-- validateThePhoneInputBox -->
        <test-method status="PASS" signature="tearDown()[pri:0, instance:scripts._01_ProjectTest@2d928643]" name="tearDown" is-config="true" duration-ms="600" started-at="2023-06-05T20:51:11 CDT" finished-at="2023-06-05T20:51:11 CDT">
          <reporter-output>
          </reporter-output>
        </test-method> <!-- tearDown -->
        <test-method status="PASS" signature="setUp()[pri:0, instance:scripts._01_ProjectTest@2d928643]" name="setUp" is-config="true" duration-ms="1151" started-at="2023-06-05T20:51:11 CDT" finished-at="2023-06-05T20:51:13 CDT">
          <reporter-output>
          </reporter-output>
        </test-method> <!-- setUp -->
        <test-method status="PASS" signature="setPage()[pri:0, instance:scripts._01_ProjectTest@2d928643]" name="setPage" is-config="true" duration-ms="595" started-at="2023-06-05T20:51:13 CDT" finished-at="2023-06-05T20:51:13 CDT">
          <reporter-output>
          </reporter-output>
        </test-method> <!-- setPage -->
        <test-method status="PASS" signature="validateTheMessageTextArea()[pri:7, instance:scripts._01_ProjectTest@2d928643]" name="validateTheMessageTextArea" duration-ms="68" started-at="2023-06-05T20:51:13 CDT" finished-at="2023-06-05T20:51:13 CDT">
          <reporter-output>
          </reporter-output>
        </test-method> <!-- validateTheMessageTextArea -->
        <test-method status="PASS" signature="tearDown()[pri:0, instance:scripts._01_ProjectTest@2d928643]" name="tearDown" is-config="true" duration-ms="583" started-at="2023-06-05T20:51:13 CDT" finished-at="2023-06-05T20:51:14 CDT">
          <reporter-output>
          </reporter-output>
        </test-method> <!-- tearDown -->
        <test-method status="PASS" signature="setUp()[pri:0, instance:scripts._01_ProjectTest@2d928643]" name="setUp" is-config="true" duration-ms="1135" started-at="2023-06-05T20:51:14 CDT" finished-at="2023-06-05T20:51:15 CDT">
          <reporter-output>
          </reporter-output>
        </test-method> <!-- setUp -->
        <test-method status="PASS" signature="setPage()[pri:0, instance:scripts._01_ProjectTest@2d928643]" name="setPage" is-config="true" duration-ms="591" started-at="2023-06-05T20:51:15 CDT" finished-at="2023-06-05T20:51:16 CDT">
          <reporter-output>
          </reporter-output>
        </test-method> <!-- setPage -->
        <test-method status="PASS" signature="validateTheSubmitButton()[pri:9, instance:scripts._01_ProjectTest@2d928643]" name="validateTheSubmitButton" duration-ms="43" started-at="2023-06-05T20:51:16 CDT" finished-at="2023-06-05T20:51:16 CDT">
          <reporter-output>
          </reporter-output>
        </test-method> <!-- validateTheSubmitButton -->
        <test-method status="PASS" signature="tearDown()[pri:0, instance:scripts._01_ProjectTest@2d928643]" name="tearDown" is-config="true" duration-ms="579" started-at="2023-06-05T20:51:16 CDT" finished-at="2023-06-05T20:51:16 CDT">
          <reporter-output>
          </reporter-output>
        </test-method> <!-- tearDown -->
        <test-method status="PASS" signature="setUp()[pri:0, instance:scripts._01_ProjectTest@2d928643]" name="setUp" is-config="true" duration-ms="1139" started-at="2023-06-05T20:51:16 CDT" finished-at="2023-06-05T20:51:17 CDT">
          <reporter-output>
          </reporter-output>
        </test-method> <!-- setUp -->
        <test-method status="PASS" signature="setPage()[pri:0, instance:scripts._01_ProjectTest@2d928643]" name="setPage" is-config="true" duration-ms="684" started-at="2023-06-05T20:51:17 CDT" finished-at="2023-06-05T20:51:18 CDT">
          <reporter-output>
          </reporter-output>
        </test-method> <!-- setPage -->
        <test-method status="PASS" signature="validateTheFormSubmission()[pri:10, instance:scripts._01_ProjectTest@2d928643]" name="validateTheFormSubmission" duration-ms="421" started-at="2023-06-05T20:51:18 CDT" finished-at="2023-06-05T20:51:18 CDT">
          <reporter-output>
          </reporter-output>
        </test-method> <!-- validateTheFormSubmission -->
        <test-method status="PASS" signature="tearDown()[pri:0, instance:scripts._01_ProjectTest@2d928643]" name="tearDown" is-config="true" duration-ms="580" started-at="2023-06-05T20:51:18 CDT" finished-at="2023-06-05T20:51:19 CDT">
          <reporter-output>
          </reporter-output>
        </test-method> <!-- tearDown -->
      </class> <!-- scripts._01_ProjectTest -->
      <class name="scripts._01_GoogleTest">
        <test-method status="PASS" signature="setup()[pri:0, instance:scripts._01_GoogleTest@6adede5]" name="setup" is-config="true" duration-ms="1753" started-at="2023-06-05T20:50:36 CDT" finished-at="2023-06-05T20:50:38 CDT">
          <reporter-output>
          </reporter-output>
        </test-method> <!-- setup -->
        <test-method status="PASS" signature="validateNavigation()[pri:0, instance:scripts._01_GoogleTest@6adede5]" name="validateNavigation" duration-ms="10345" started-at="2023-06-05T20:50:38 CDT" finished-at="2023-06-05T20:50:48 CDT">
          <reporter-output>
          </reporter-output>
        </test-method> <!-- validateNavigation -->
        <test-method status="PASS" signature="tearDown()[pri:0, instance:scripts._01_GoogleTest@6adede5]" name="tearDown" is-config="true" duration-ms="3607" started-at="2023-06-05T20:50:48 CDT" finished-at="2023-06-05T20:50:52 CDT">
          <reporter-output>
          </reporter-output>
        </test-method> <!-- tearDown -->
        <test-method status="PASS" signature="setup()[pri:0, instance:scripts._01_GoogleTest@6adede5]" name="setup" is-config="true" duration-ms="1764" started-at="2023-06-05T20:50:52 CDT" finished-at="2023-06-05T20:50:54 CDT">
          <reporter-output>
          </reporter-output>
        </test-method> <!-- setup -->
        <test-method status="PASS" signature="validateSearchButton()[pri:0, instance:scripts._01_GoogleTest@6adede5]" name="validateSearchButton" duration-ms="67" started-at="2023-06-05T20:50:54 CDT" finished-at="2023-06-05T20:50:54 CDT">
          <reporter-output>
          </reporter-output>
        </test-method> <!-- validateSearchButton -->
        <test-method status="PASS" signature="tearDown()[pri:0, instance:scripts._01_GoogleTest@6adede5]" name="tearDown" is-config="true" duration-ms="3593" started-at="2023-06-05T20:50:54 CDT" finished-at="2023-06-05T20:50:57 CDT">
          <reporter-output>
          </reporter-output>
        </test-method> <!-- tearDown -->
      </class> <!-- scripts._01_GoogleTest -->
      <class name="scripts._06_WikiTest">
        <test-method status="PASS" signature="setUp()[pri:0, instance:scripts._06_WikiTest@64bfbc86]" name="setUp" is-config="true" duration-ms="1132" started-at="2023-06-05T20:52:19 CDT" finished-at="2023-06-05T20:52:20 CDT">
          <reporter-output>
          </reporter-output>
        </test-method> <!-- setUp -->
        <test-method status="PASS" signature="setPage()[pri:0, instance:scripts._06_WikiTest@64bfbc86]" name="setPage" is-config="true" duration-ms="290" started-at="2023-06-05T20:52:20 CDT" finished-at="2023-06-05T20:52:21 CDT">
          <reporter-output>
          </reporter-output>
        </test-method> <!-- setPage -->
        <test-method status="PASS" signature="validateWikiSearch2()[pri:0, instance:scripts._06_WikiTest@64bfbc86]" name="validateWikiSearch2" duration-ms="402" started-at="2023-06-05T20:52:21 CDT" finished-at="2023-06-05T20:52:21 CDT">
          <reporter-output>
          </reporter-output>
        </test-method> <!-- validateWikiSearch2 -->
        <test-method status="PASS" signature="tearDown()[pri:0, instance:scripts._06_WikiTest@64bfbc86]" name="tearDown" is-config="true" duration-ms="601" started-at="2023-06-05T20:52:21 CDT" finished-at="2023-06-05T20:52:22 CDT">
          <reporter-output>
          </reporter-output>
        </test-method> <!-- tearDown -->
      </class> <!-- scripts._06_WikiTest -->
      <class name="scripts._03_TGLocatorsTest">
        <test-method status="PASS" signature="setUp()[pri:0, instance:scripts._03_TGLocatorsTest@49993335]" name="setUp" is-config="true" duration-ms="1122" started-at="2023-06-05T20:51:24 CDT" finished-at="2023-06-05T20:51:25 CDT">
          <reporter-output>
          </reporter-output>
        </test-method> <!-- setUp -->
        <test-method status="PASS" signature="setPage()[pri:0, instance:scripts._03_TGLocatorsTest@49993335]" name="setPage" is-config="true" duration-ms="590" started-at="2023-06-05T20:51:25 CDT" finished-at="2023-06-05T20:51:26 CDT">
          <reporter-output>
          </reporter-output>
        </test-method> <!-- setPage -->
        <test-method status="PASS" signature="validateKiwiParagraph()[pri:1, instance:scripts._03_TGLocatorsTest@49993335]" name="validateKiwiParagraph" duration-ms="35" started-at="2023-06-05T20:51:26 CDT" finished-at="2023-06-05T20:51:26 CDT">
          <reporter-output>
          </reporter-output>
        </test-method> <!-- validateKiwiParagraph -->
        <test-method status="PASS" signature="tearDown()[pri:0, instance:scripts._03_TGLocatorsTest@49993335]" name="tearDown" is-config="true" duration-ms="572" started-at="2023-06-05T20:51:26 CDT" finished-at="2023-06-05T20:51:27 CDT">
          <reporter-output>
          </reporter-output>
        </test-method> <!-- tearDown -->
        <test-method status="PASS" signature="setUp()[pri:0, instance:scripts._03_TGLocatorsTest@49993335]" name="setUp" is-config="true" duration-ms="1124" started-at="2023-06-05T20:51:27 CDT" finished-at="2023-06-05T20:51:28 CDT">
          <reporter-output>
          </reporter-output>
        </test-method> <!-- setUp -->
        <test-method status="PASS" signature="setPage()[pri:0, instance:scripts._03_TGLocatorsTest@49993335]" name="setPage" is-config="true" duration-ms="672" started-at="2023-06-05T20:51:28 CDT" finished-at="2023-06-05T20:51:28 CDT">
          <reporter-output>
          </reporter-output>
        </test-method> <!-- setPage -->
        <test-method status="PASS" signature="validateOrangeParagraph()[pri:2, instance:scripts._03_TGLocatorsTest@49993335]" name="validateOrangeParagraph" duration-ms="96" started-at="2023-06-05T20:51:28 CDT" finished-at="2023-06-05T20:51:29 CDT">
          <reporter-output>
          </reporter-output>
        </test-method> <!-- validateOrangeParagraph -->
        <test-method status="PASS" signature="tearDown()[pri:0, instance:scripts._03_TGLocatorsTest@49993335]" name="tearDown" is-config="true" duration-ms="578" started-at="2023-06-05T20:51:29 CDT" finished-at="2023-06-05T20:51:29 CDT">
          <reporter-output>
          </reporter-output>
        </test-method> <!-- tearDown -->
        <test-method status="PASS" signature="setUp()[pri:0, instance:scripts._03_TGLocatorsTest@49993335]" name="setUp" is-config="true" duration-ms="1138" started-at="2023-06-05T20:51:29 CDT" finished-at="2023-06-05T20:51:30 CDT">
          <reporter-output>
          </reporter-output>
        </test-method> <!-- setUp -->
        <test-method status="PASS" signature="setPage()[pri:0, instance:scripts._03_TGLocatorsTest@49993335]" name="setPage" is-config="true" duration-ms="628" started-at="2023-06-05T20:51:30 CDT" finished-at="2023-06-05T20:51:31 CDT">
          <reporter-output>
          </reporter-output>
        </test-method> <!-- setPage -->
        <test-method status="PASS" signature="validateGrapesParagraph()[pri:3, instance:scripts._03_TGLocatorsTest@49993335]" name="validateGrapesParagraph" duration-ms="36" started-at="2023-06-05T20:51:31 CDT" finished-at="2023-06-05T20:51:31 CDT">
          <reporter-output>
          </reporter-output>
        </test-method> <!-- validateGrapesParagraph -->
        <test-method status="PASS" signature="tearDown()[pri:0, instance:scripts._03_TGLocatorsTest@49993335]" name="tearDown" is-config="true" duration-ms="590" started-at="2023-06-05T20:51:31 CDT" finished-at="2023-06-05T20:51:32 CDT">
          <reporter-output>
          </reporter-output>
        </test-method> <!-- tearDown -->
        <test-method status="PASS" signature="setUp()[pri:0, instance:scripts._03_TGLocatorsTest@49993335]" name="setUp" is-config="true" duration-ms="1131" started-at="2023-06-05T20:51:32 CDT" finished-at="2023-06-05T20:51:33 CDT">
          <reporter-output>
          </reporter-output>
        </test-method> <!-- setUp -->
        <test-method status="PASS" signature="setPage()[pri:0, instance:scripts._03_TGLocatorsTest@49993335]" name="setPage" is-config="true" duration-ms="603" started-at="2023-06-05T20:51:33 CDT" finished-at="2023-06-05T20:51:33 CDT">
          <reporter-output>
          </reporter-output>
        </test-method> <!-- setPage -->
        <test-method status="PASS" signature="validateRedAppleLink()[pri:5, instance:scripts._03_TGLocatorsTest@49993335]" name="validateRedAppleLink" duration-ms="47" started-at="2023-06-05T20:51:33 CDT" finished-at="2023-06-05T20:51:33 CDT">
          <reporter-output>
          </reporter-output>
        </test-method> <!-- validateRedAppleLink -->
        <test-method status="PASS" signature="tearDown()[pri:0, instance:scripts._03_TGLocatorsTest@49993335]" name="tearDown" is-config="true" duration-ms="583" started-at="2023-06-05T20:51:33 CDT" finished-at="2023-06-05T20:51:34 CDT">
          <reporter-output>
          </reporter-output>
        </test-method> <!-- tearDown -->
        <test-method status="PASS" signature="setUp()[pri:0, instance:scripts._03_TGLocatorsTest@49993335]" name="setUp" is-config="true" duration-ms="1157" started-at="2023-06-05T20:51:34 CDT" finished-at="2023-06-05T20:51:35 CDT">
          <reporter-output>
          </reporter-output>
        </test-method> <!-- setUp -->
        <test-method status="PASS" signature="setPage()[pri:0, instance:scripts._03_TGLocatorsTest@49993335]" name="setPage" is-config="true" duration-ms="621" started-at="2023-06-05T20:51:35 CDT" finished-at="2023-06-05T20:51:36 CDT">
          <reporter-output>
          </reporter-output>
        </test-method> <!-- setPage -->
        <test-method status="PASS" signature="validateAllLinks()[pri:6, instance:scripts._03_TGLocatorsTest@49993335]" name="validateAllLinks" duration-ms="118" started-at="2023-06-05T20:51:36 CDT" finished-at="2023-06-05T20:51:36 CDT">
          <reporter-output>
          </reporter-output>
        </test-method> <!-- validateAllLinks -->
        <test-method status="PASS" signature="tearDown()[pri:0, instance:scripts._03_TGLocatorsTest@49993335]" name="tearDown" is-config="true" duration-ms="603" started-at="2023-06-05T20:51:36 CDT" finished-at="2023-06-05T20:51:36 CDT">
          <reporter-output>
          </reporter-output>
        </test-method> <!-- tearDown -->
      </class> <!-- scripts._03_TGLocatorsTest -->
      <class name="scripts._05_FacebookTest">
        <test-method status="PASS" signature="setUp()[pri:0, instance:scripts._05_FacebookTest@192b07fd]" name="setUp" is-config="true" duration-ms="1144" started-at="2023-06-05T20:52:16 CDT" finished-at="2023-06-05T20:52:17 CDT">
          <reporter-output>
          </reporter-output>
        </test-method> <!-- setUp -->
        <test-method status="PASS" signature="setPage()[pri:0, instance:scripts._05_FacebookTest@192b07fd]" name="setPage" is-config="true" duration-ms="950" started-at="2023-06-05T20:52:17 CDT" finished-at="2023-06-05T20:52:18 CDT">
          <reporter-output>
          </reporter-output>
        </test-method> <!-- setPage -->
        <test-method status="FAIL" signature="validateFacebookInvalidLoginAttempt()[pri:0, instance:scripts._05_FacebookTest@192b07fd]" name="validateFacebookInvalidLoginAttempt" duration-ms="806" started-at="2023-06-05T20:52:18 CDT" finished-at="2023-06-05T20:52:19 CDT">
          <exception class="java.lang.AssertionError">
            <message>
              <![CDATA[expected [The email you entered isn't connected to an account. Find your account and log in.] but found [The email you entered isn’t connected to an account. Find your account and log in.]]]>
            </message>
            <full-stacktrace>
              <![CDATA[java.lang.AssertionError: expected [The email you entered isn't connected to an account. Find your account and log in.] but found [The email you entered isn’t connected to an account. Find your account and log in.]
at org.testng.Assert.fail(Assert.java:97)
at org.testng.Assert.assertEqualsImpl(Assert.java:136)
at org.testng.Assert.assertEquals(Assert.java:118)
at org.testng.Assert.assertEquals(Assert.java:575)
at org.testng.Assert.assertEquals(Assert.java:585)
at scripts._05_FacebookTest.validateFacebookInvalidLoginAttempt(_05_FacebookTest.java:78)
at sun.reflect.NativeMethodAccessorImpl.invoke0(Native Method)
at sun.reflect.NativeMethodAccessorImpl.invoke(NativeMethodAccessorImpl.java:62)
at sun.reflect.DelegatingMethodAccessorImpl.invoke(DelegatingMethodAccessorImpl.java:43)
at java.lang.reflect.Method.invoke(Method.java:498)
at org.testng.internal.MethodInvocationHelper.invokeMethod(MethodInvocationHelper.java:134)
at org.testng.internal.TestInvoker.invokeMethod(TestInvoker.java:597)
at org.testng.internal.TestInvoker.invokeTestMethod(TestInvoker.java:173)
at org.testng.internal.MethodRunner.runInSequence(MethodRunner.java:46)
at org.testng.internal.TestInvoker$MethodInvocationAgent.invoke(TestInvoker.java:816)
at org.testng.internal.TestInvoker.invokeTestMethods(TestInvoker.java:146)
at org.testng.internal.TestMethodWorker.invokeTestMethods(TestMethodWorker.java:146)
at org.testng.internal.TestMethodWorker.run(TestMethodWorker.java:128)
at java.util.ArrayList.forEach(ArrayList.java:1259)
at org.testng.TestRunner.privateRun(TestRunner.java:766)
at org.testng.TestRunner.run(TestRunner.java:587)
at org.testng.SuiteRunner.runTest(SuiteRunner.java:384)
at org.testng.SuiteRunner.runSequentially(SuiteRunner.java:378)
at org.testng.SuiteRunner.privateRun(SuiteRunner.java:337)
at org.testng.SuiteRunner.run(SuiteRunner.java:286)
at org.testng.SuiteRunnerWorker.runSuite(SuiteRunnerWorker.java:53)
at org.testng.SuiteRunnerWorker.run(SuiteRunnerWorker.java:96)
at org.testng.TestNG.runSuitesSequentially(TestNG.java:1187)
at org.testng.TestNG.runSuitesLocally(TestNG.java:1109)
at org.testng.TestNG.runSuites(TestNG.java:1039)
at org.testng.TestNG.run(TestNG.java:1007)
at org.apache.maven.surefire.testng.TestNGExecutor.run(TestNGExecutor.java:281)
at org.apache.maven.surefire.testng.TestNGXmlTestSuite.execute(TestNGXmlTestSuite.java:75)
at org.apache.maven.surefire.testng.TestNGProvider.invoke(TestNGProvider.java:121)
at org.apache.maven.surefire.booter.ForkedBooter.invokeProviderInSameClassLoader(ForkedBooter.java:290)
at org.apache.maven.surefire.booter.ForkedBooter.runSuitesInProcess(ForkedBooter.java:242)
at org.apache.maven.surefire.booter.ForkedBooter.main(ForkedBooter.java:121)
]]>
            </full-stacktrace>
          </exception> <!-- java.lang.AssertionError -->
          <reporter-output>
          </reporter-output>
        </test-method> <!-- validateFacebookInvalidLoginAttempt -->
        <test-method status="PASS" signature="tearDown()[pri:0, instance:scripts._05_FacebookTest@192b07fd]" name="tearDown" is-config="true" duration-ms="591" started-at="2023-06-05T20:52:19 CDT" finished-at="2023-06-05T20:52:19 CDT">
          <reporter-output>
          </reporter-output>
        </test-method> <!-- tearDown -->
      </class> <!-- scripts._05_FacebookTest -->
      <class name="scripts._17_TGStaticTableTest">
        <test-method status="PASS" signature="setUp()[pri:0, instance:scripts._17_TGStaticTableTest@60c6f5b]" name="setUp" is-config="true" duration-ms="1141" started-at="2023-06-05T20:50:29 CDT" finished-at="2023-06-05T20:50:30 CDT">
          <reporter-output>
          </reporter-output>
        </test-method> <!-- setUp -->
        <test-method status="PASS" signature="setPage()[pri:0, instance:scripts._17_TGStaticTableTest@60c6f5b]" name="setPage" is-config="true" duration-ms="513" started-at="2023-06-05T20:50:30 CDT" finished-at="2023-06-05T20:50:31 CDT">
          <reporter-output>
          </reporter-output>
        </test-method> <!-- setPage -->
        <test-method status="PASS" signature="validateEachCell()[pri:0, instance:scripts._17_TGStaticTableTest@60c6f5b]" name="validateEachCell" duration-ms="187" started-at="2023-06-05T20:50:31 CDT" finished-at="2023-06-05T20:50:31 CDT">
          <reporter-output>
          </reporter-output>
        </test-method> <!-- validateEachCell -->
        <test-method status="PASS" signature="tearDown()[pri:0, instance:scripts._17_TGStaticTableTest@60c6f5b]" name="tearDown" is-config="true" duration-ms="571" started-at="2023-06-05T20:50:31 CDT" finished-at="2023-06-05T20:50:32 CDT">
          <reporter-output>
          </reporter-output>
        </test-method> <!-- tearDown -->
        <test-method status="PASS" signature="setUp()[pri:0, instance:scripts._17_TGStaticTableTest@60c6f5b]" name="setUp" is-config="true" duration-ms="1133" started-at="2023-06-05T20:50:32 CDT" finished-at="2023-06-05T20:50:33 CDT">
          <reporter-output>
          </reporter-output>
        </test-method> <!-- setUp -->
        <test-method status="PASS" signature="setPage()[pri:0, instance:scripts._17_TGStaticTableTest@60c6f5b]" name="setPage" is-config="true" duration-ms="528" started-at="2023-06-05T20:50:33 CDT" finished-at="2023-06-05T20:50:33 CDT">
          <reporter-output>
          </reporter-output>
        </test-method> <!-- setPage -->
        <test-method status="PASS" signature="validateFirstRow()[pri:0, instance:scripts._17_TGStaticTableTest@60c6f5b]" name="validateFirstRow" duration-ms="31" started-at="2023-06-05T20:50:33 CDT" finished-at="2023-06-05T20:50:33 CDT">
          <reporter-output>
          </reporter-output>
        </test-method> <!-- validateFirstRow -->
        <test-method status="PASS" signature="tearDown()[pri:0, instance:scripts._17_TGStaticTableTest@60c6f5b]" name="tearDown" is-config="true" duration-ms="577" started-at="2023-06-05T20:50:33 CDT" finished-at="2023-06-05T20:50:34 CDT">
          <reporter-output>
          </reporter-output>
        </test-method> <!-- tearDown -->
        <test-method status="PASS" signature="setUp()[pri:0, instance:scripts._17_TGStaticTableTest@60c6f5b]" name="setUp" is-config="true" duration-ms="1197" started-at="2023-06-05T20:50:34 CDT" finished-at="2023-06-05T20:50:35 CDT">
          <reporter-output>
          </reporter-output>
        </test-method> <!-- setUp -->
        <test-method status="PASS" signature="setPage()[pri:0, instance:scripts._17_TGStaticTableTest@60c6f5b]" name="setPage" is-config="true" duration-ms="687" started-at="2023-06-05T20:50:35 CDT" finished-at="2023-06-05T20:50:36 CDT">
          <reporter-output>
          </reporter-output>
        </test-method> <!-- setPage -->
        <test-method status="PASS" signature="validateLastColumn()[pri:0, instance:scripts._17_TGStaticTableTest@60c6f5b]" name="validateLastColumn" duration-ms="32" started-at="2023-06-05T20:50:36 CDT" finished-at="2023-06-05T20:50:36 CDT">
          <reporter-output>
          </reporter-output>
        </test-method> <!-- validateLastColumn -->
        <test-method status="PASS" signature="tearDown()[pri:0, instance:scripts._17_TGStaticTableTest@60c6f5b]" name="tearDown" is-config="true" duration-ms="583" started-at="2023-06-05T20:50:36 CDT" finished-at="2023-06-05T20:50:36 CDT">
          <reporter-output>
          </reporter-output>
        </test-method> <!-- tearDown -->
        <test-method status="PASS" signature="setUp()[pri:0, instance:scripts._17_TGStaticTableTest@60c6f5b]" name="setUp" is-config="true" duration-ms="1136" started-at="2023-06-05T20:50:57 CDT" finished-at="2023-06-05T20:50:59 CDT">
          <reporter-output>
          </reporter-output>
        </test-method> <!-- setUp -->
        <test-method status="PASS" signature="setPage()[pri:0, instance:scripts._17_TGStaticTableTest@60c6f5b]" name="setPage" is-config="true" duration-ms="732" started-at="2023-06-05T20:50:59 CDT" finished-at="2023-06-05T20:50:59 CDT">
          <reporter-output>
          </reporter-output>
        </test-method> <!-- setPage -->
        <test-method status="PASS" signature="validateTableHeader()[pri:0, instance:scripts._17_TGStaticTableTest@60c6f5b]" name="validateTableHeader" duration-ms="29" started-at="2023-06-05T20:50:59 CDT" finished-at="2023-06-05T20:50:59 CDT">
          <reporter-output>
          </reporter-output>
        </test-method> <!-- validateTableHeader -->
        <test-method status="PASS" signature="tearDown()[pri:0, instance:scripts._17_TGStaticTableTest@60c6f5b]" name="tearDown" is-config="true" duration-ms="577" started-at="2023-06-05T20:50:59 CDT" finished-at="2023-06-05T20:51:00 CDT">
          <reporter-output>
          </reporter-output>
        </test-method> <!-- tearDown -->
      </class> <!-- scripts._17_TGStaticTableTest -->
      <class name="scripts._18_TGSortableTableTest">
        <test-method status="PASS" signature="setUp()[pri:0, instance:scripts._18_TGSortableTableTest@2038ae61]" name="setUp" is-config="true" duration-ms="1171" started-at="2023-06-05T20:51:00 CDT" finished-at="2023-06-05T20:51:01 CDT">
          <reporter-output>
          </reporter-output>
        </test-method> <!-- setUp -->
        <test-method status="PASS" signature="setPage()[pri:0, instance:scripts._18_TGSortableTableTest@2038ae61]" name="setPage" is-config="true" duration-ms="653" started-at="2023-06-05T20:51:01 CDT" finished-at="2023-06-05T20:51:02 CDT">
          <reporter-output>
          </reporter-output>
        </test-method> <!-- setPage -->
        <test-method status="PASS" signature="validateSortAscByQuantity()[pri:0, instance:scripts._18_TGSortableTableTest@2038ae61]" name="validateSortAscByQuantity" duration-ms="2075" started-at="2023-06-05T20:51:02 CDT" finished-at="2023-06-05T20:51:04 CDT">
          <reporter-output>
          </reporter-output>
        </test-method> <!-- validateSortAscByQuantity -->
        <test-method status="PASS" signature="tearDown()[pri:0, instance:scripts._18_TGSortableTableTest@2038ae61]" name="tearDown" is-config="true" duration-ms="601" started-at="2023-06-05T20:51:04 CDT" finished-at="2023-06-05T20:51:04 CDT">
          <reporter-output>
          </reporter-output>
        </test-method> <!-- tearDown -->
      </class> <!-- scripts._18_TGSortableTableTest -->
      <class name="scripts._11_TGDropdownsTest">
        <test-method status="PASS" signature="setUp()[pri:0, instance:scripts._11_TGDropdownsTest@10bdf5e5]" name="setUp" is-config="true" duration-ms="1127" started-at="2023-06-05T20:53:22 CDT" finished-at="2023-06-05T20:53:23 CDT">
          <reporter-output>
          </reporter-output>
        </test-method> <!-- setUp -->
        <test-method status="PASS" signature="setPage()[pri:0, instance:scripts._11_TGDropdownsTest@10bdf5e5]" name="setPage" is-config="true" duration-ms="802" started-at="2023-06-05T20:53:23 CDT" finished-at="2023-06-05T20:53:24 CDT">
          <reporter-output>
          </reporter-output>
        </test-method> <!-- setPage -->
        <test-method status="PASS" signature="dropdownTestCase()[pri:0, instance:scripts._11_TGDropdownsTest@10bdf5e5]" name="dropdownTestCase" duration-ms="297" started-at="2023-06-05T20:53:24 CDT" finished-at="2023-06-05T20:53:24 CDT">
          <reporter-output>
          </reporter-output>
        </test-method> <!-- dropdownTestCase -->
        <test-method status="PASS" signature="tearDown()[pri:0, instance:scripts._11_TGDropdownsTest@10bdf5e5]" name="tearDown" is-config="true" duration-ms="570" started-at="2023-06-05T20:53:24 CDT" finished-at="2023-06-05T20:53:25 CDT">
          <reporter-output>
          </reporter-output>
        </test-method> <!-- tearDown -->
        <test-method status="PASS" signature="setUp()[pri:0, instance:scripts._11_TGDropdownsTest@10bdf5e5]" name="setUp" is-config="true" duration-ms="1130" started-at="2023-06-05T20:53:25 CDT" finished-at="2023-06-05T20:53:26 CDT">
          <reporter-output>
          </reporter-output>
        </test-method> <!-- setUp -->
        <test-method status="PASS" signature="setPage()[pri:0, instance:scripts._11_TGDropdownsTest@10bdf5e5]" name="setPage" is-config="true" duration-ms="746" started-at="2023-06-05T20:53:26 CDT" finished-at="2023-06-05T20:53:27 CDT">
          <reporter-output>
          </reporter-output>
        </test-method> <!-- setPage -->
        <test-method status="PASS" signature="productColorTest()[pri:0, instance:scripts._11_TGDropdownsTest@10bdf5e5]" name="productColorTest" duration-ms="116" started-at="2023-06-05T20:53:27 CDT" finished-at="2023-06-05T20:53:27 CDT">
          <reporter-output>
          </reporter-output>
        </test-method> <!-- productColorTest -->
        <test-method status="PASS" signature="tearDown()[pri:0, instance:scripts._11_TGDropdownsTest@10bdf5e5]" name="tearDown" is-config="true" duration-ms="590" started-at="2023-06-05T20:53:27 CDT" finished-at="2023-06-05T20:53:27 CDT">
          <reporter-output>
          </reporter-output>
        </test-method> <!-- tearDown -->
        <test-method status="PASS" signature="setUp()[pri:0, instance:scripts._11_TGDropdownsTest@10bdf5e5]" name="setUp" is-config="true" duration-ms="1107" started-at="2023-06-05T20:53:27 CDT" finished-at="2023-06-05T20:53:28 CDT">
          <reporter-output>
          </reporter-output>
        </test-method> <!-- setUp -->
        <test-method status="PASS" signature="setPage()[pri:0, instance:scripts._11_TGDropdownsTest@10bdf5e5]" name="setPage" is-config="true" duration-ms="756" started-at="2023-06-05T20:53:28 CDT" finished-at="2023-06-05T20:53:29 CDT">
          <reporter-output>
          </reporter-output>
        </test-method> <!-- setPage -->
        <test-method status="PASS" signature="productDeliveryTest()[pri:0, instance:scripts._11_TGDropdownsTest@10bdf5e5]" name="productDeliveryTest" duration-ms="4105" started-at="2023-06-05T20:53:29 CDT" finished-at="2023-06-05T20:53:33 CDT">
          <reporter-output>
          </reporter-output>
        </test-method> <!-- productDeliveryTest -->
        <test-method status="PASS" signature="tearDown()[pri:0, instance:scripts._11_TGDropdownsTest@10bdf5e5]" name="tearDown" is-config="true" duration-ms="602" started-at="2023-06-05T20:53:33 CDT" finished-at="2023-06-05T20:53:34 CDT">
          <reporter-output>
          </reporter-output>
        </test-method> <!-- tearDown -->
        <test-method status="PASS" signature="setUp()[pri:0, instance:scripts._11_TGDropdownsTest@10bdf5e5]" name="setUp" is-config="true" duration-ms="1121" started-at="2023-06-05T20:53:34 CDT" finished-at="2023-06-05T20:53:35 CDT">
          <reporter-output>
          </reporter-output>
        </test-method> <!-- setUp -->
        <test-method status="PASS" signature="setPage()[pri:0, instance:scripts._11_TGDropdownsTest@10bdf5e5]" name="setPage" is-config="true" duration-ms="734" started-at="2023-06-05T20:53:35 CDT" finished-at="2023-06-05T20:53:36 CDT">
          <reporter-output>
          </reporter-output>
        </test-method> <!-- setPage -->
        <test-method status="PASS" signature="productDropdownTest()[pri:0, instance:scripts._11_TGDropdownsTest@10bdf5e5]" name="productDropdownTest" duration-ms="67" started-at="2023-06-05T20:53:36 CDT" finished-at="2023-06-05T20:53:36 CDT">
          <reporter-output>
          </reporter-output>
        </test-method> <!-- productDropdownTest -->
        <test-method status="PASS" signature="tearDown()[pri:0, instance:scripts._11_TGDropdownsTest@10bdf5e5]" name="tearDown" is-config="true" duration-ms="580" started-at="2023-06-05T20:53:36 CDT" finished-at="2023-06-05T20:53:36 CDT">
          <reporter-output>
          </reporter-output>
        </test-method> <!-- tearDown -->
      </class> <!-- scripts._11_TGDropdownsTest -->
      <class name="scripts._10_TGRadioButtonTest">
        <test-method status="PASS" signature="setUp()[pri:0, instance:scripts._10_TGRadioButtonTest@dc24521]" name="setUp" is-config="true" duration-ms="1114" started-at="2023-06-05T20:53:17 CDT" finished-at="2023-06-05T20:53:18 CDT">
          <reporter-output>
          </reporter-output>
        </test-method> <!-- setUp -->
        <test-method status="PASS" signature="setPage()[pri:0, instance:scripts._10_TGRadioButtonTest@dc24521]" name="setPage" is-config="true" duration-ms="737" started-at="2023-06-05T20:53:18 CDT" finished-at="2023-06-05T20:53:19 CDT">
          <reporter-output>
          </reporter-output>
        </test-method> <!-- setPage -->
        <test-method status="PASS" signature="radioButtonsTest()[pri:0, instance:scripts._10_TGRadioButtonTest@dc24521]" name="radioButtonsTest" duration-ms="153" started-at="2023-06-05T20:53:19 CDT" finished-at="2023-06-05T20:53:19 CDT">
          <reporter-output>
          </reporter-output>
        </test-method> <!-- radioButtonsTest -->
        <test-method status="PASS" signature="tearDown()[pri:0, instance:scripts._10_TGRadioButtonTest@dc24521]" name="tearDown" is-config="true" duration-ms="595" started-at="2023-06-05T20:53:19 CDT" finished-at="2023-06-05T20:53:19 CDT">
          <reporter-output>
          </reporter-output>
        </test-method> <!-- tearDown -->
        <test-method status="PASS" signature="setUp()[pri:0, instance:scripts._10_TGRadioButtonTest@dc24521]" name="setUp" is-config="true" duration-ms="1126" started-at="2023-06-05T20:53:19 CDT" finished-at="2023-06-05T20:53:20 CDT">
          <reporter-output>
          </reporter-output>
        </test-method> <!-- setUp -->
        <test-method status="PASS" signature="setPage()[pri:0, instance:scripts._10_TGRadioButtonTest@dc24521]" name="setPage" is-config="true" duration-ms="750" started-at="2023-06-05T20:53:20 CDT" finished-at="2023-06-05T20:53:21 CDT">
          <reporter-output>
          </reporter-output>
        </test-method> <!-- setPage -->
        <test-method status="PASS" signature="validatePracticeMore()[pri:0, instance:scripts._10_TGRadioButtonTest@dc24521]" name="validatePracticeMore" duration-ms="169" started-at="2023-06-05T20:53:21 CDT" finished-at="2023-06-05T20:53:21 CDT">
          <reporter-output>
          </reporter-output>
        </test-method> <!-- validatePracticeMore -->
        <test-method status="PASS" signature="tearDown()[pri:0, instance:scripts._10_TGRadioButtonTest@dc24521]" name="tearDown" is-config="true" duration-ms="579" started-at="2023-06-05T20:53:21 CDT" finished-at="2023-06-05T20:53:22 CDT">
          <reporter-output>
          </reporter-output>
        </test-method> <!-- tearDown -->
      </class> <!-- scripts._10_TGRadioButtonTest -->
      <class name="scripts._12_TGAlertsTest">
        <test-method status="PASS" signature="setUp()[pri:0, instance:scripts._12_TGAlertsTest@6e1ec318]" name="setUp" is-config="true" duration-ms="1123" started-at="2023-06-05T20:53:36 CDT" finished-at="2023-06-05T20:53:38 CDT">
          <reporter-output>
          </reporter-output>
        </test-method> <!-- setUp -->
        <test-method status="PASS" signature="setPage()[pri:0, instance:scripts._12_TGAlertsTest@6e1ec318]" name="setPage" is-config="true" duration-ms="605" started-at="2023-06-05T20:53:38 CDT" finished-at="2023-06-05T20:53:38 CDT">
          <reporter-output>
          </reporter-output>
        </test-method> <!-- setPage -->
        <test-method status="PASS" signature="confirmationAlert()[pri:0, instance:scripts._12_TGAlertsTest@6e1ec318]" name="confirmationAlert" duration-ms="106" started-at="2023-06-05T20:53:38 CDT" finished-at="2023-06-05T20:53:38 CDT">
          <reporter-output>
          </reporter-output>
        </test-method> <!-- confirmationAlert -->
        <test-method status="PASS" signature="tearDown()[pri:0, instance:scripts._12_TGAlertsTest@6e1ec318]" name="tearDown" is-config="true" duration-ms="592" started-at="2023-06-05T20:53:38 CDT" finished-at="2023-06-05T20:53:39 CDT">
          <reporter-output>
          </reporter-output>
        </test-method> <!-- tearDown -->
        <test-method status="PASS" signature="setUp()[pri:0, instance:scripts._12_TGAlertsTest@6e1ec318]" name="setUp" is-config="true" duration-ms="1188" started-at="2023-06-05T20:53:39 CDT" finished-at="2023-06-05T20:53:40 CDT">
          <reporter-output>
          </reporter-output>
        </test-method> <!-- setUp -->
        <test-method status="PASS" signature="setPage()[pri:0, instance:scripts._12_TGAlertsTest@6e1ec318]" name="setPage" is-config="true" duration-ms="752" started-at="2023-06-05T20:53:40 CDT" finished-at="2023-06-05T20:53:41 CDT">
          <reporter-output>
          </reporter-output>
        </test-method> <!-- setPage -->
        <test-method status="PASS" signature="warningAlert()[pri:0, instance:scripts._12_TGAlertsTest@6e1ec318]" name="warningAlert" duration-ms="79" started-at="2023-06-05T20:53:41 CDT" finished-at="2023-06-05T20:53:41 CDT">
          <reporter-output>
          </reporter-output>
        </test-method> <!-- warningAlert -->
        <test-method status="PASS" signature="tearDown()[pri:0, instance:scripts._12_TGAlertsTest@6e1ec318]" name="tearDown" is-config="true" duration-ms="575" started-at="2023-06-05T20:53:41 CDT" finished-at="2023-06-05T20:53:41 CDT">
          <reporter-output>
          </reporter-output>
        </test-method> <!-- tearDown -->
      </class> <!-- scripts._12_TGAlertsTest -->
      <class name="scripts._02_AppleTest_">
        <test-method status="PASS" signature="setUp()[pri:0, instance:scripts._02_AppleTest_@5025a98f]" name="setUp" is-config="true" duration-ms="1693" started-at="2023-06-05T20:51:19 CDT" finished-at="2023-06-05T20:51:21 CDT">
          <reporter-output>
          </reporter-output>
        </test-method> <!-- setUp -->
        <test-method status="PASS" signature="validateTitleAndURL()[pri:0, instance:scripts._02_AppleTest_@5025a98f]" name="validateTitleAndURL" duration-ms="5" started-at="2023-06-05T20:51:21 CDT" finished-at="2023-06-05T20:51:21 CDT">
          <reporter-output>
          </reporter-output>
        </test-method> <!-- validateTitleAndURL -->
        <test-method status="PASS" signature="tearDown()[pri:0, instance:scripts._02_AppleTest_@5025a98f]" name="tearDown" is-config="true" duration-ms="3581" started-at="2023-06-05T20:51:21 CDT" finished-at="2023-06-05T20:51:24 CDT">
          <reporter-output>
          </reporter-output>
        </test-method> <!-- tearDown -->
      </class> <!-- scripts._02_AppleTest_ -->
      <class name="scripts._04_TGLocatorsTest">
        <test-method status="PASS" signature="setUp()[pri:0, instance:scripts._04_TGLocatorsTest@20322d26]" name="setUp" is-config="true" duration-ms="1126" started-at="2023-06-05T20:51:36 CDT" finished-at="2023-06-05T20:51:37 CDT">
          <reporter-output>
          </reporter-output>
        </test-method> <!-- setUp -->
        <test-method status="PASS" signature="setPage()[pri:0, instance:scripts._04_TGLocatorsTest@20322d26]" name="setPage" is-config="true" duration-ms="669" started-at="2023-06-05T20:51:37 CDT" finished-at="2023-06-05T20:51:38 CDT">
          <reporter-output>
          </reporter-output>
        </test-method> <!-- setPage -->
        <test-method status="PASS" signature="validateLanguages()[pri:0, instance:scripts._04_TGLocatorsTest@20322d26]" name="validateLanguages" duration-ms="69" started-at="2023-06-05T20:51:38 CDT" finished-at="2023-06-05T20:51:38 CDT">
          <reporter-output>
          </reporter-output>
        </test-method> <!-- validateLanguages -->
        <test-method status="PASS" signature="tearDown()[pri:0, instance:scripts._04_TGLocatorsTest@20322d26]" name="tearDown" is-config="true" duration-ms="576" started-at="2023-06-05T20:51:38 CDT" finished-at="2023-06-05T20:51:39 CDT">
          <reporter-output>
          </reporter-output>
        </test-method> <!-- tearDown -->
        <test-method status="PASS" signature="setUp()[pri:0, instance:scripts._04_TGLocatorsTest@20322d26]" name="setUp" is-config="true" duration-ms="1121" started-at="2023-06-05T20:51:39 CDT" finished-at="2023-06-05T20:51:40 CDT">
          <reporter-output>
          </reporter-output>
        </test-method> <!-- setUp -->
        <test-method status="PASS" signature="setPage()[pri:0, instance:scripts._04_TGLocatorsTest@20322d26]" name="setPage" is-config="true" duration-ms="677" started-at="2023-06-05T20:51:40 CDT" finished-at="2023-06-05T20:51:41 CDT">
          <reporter-output>
          </reporter-output>
        </test-method> <!-- setPage -->
        <test-method status="PASS" signature="validateListHeaders()[pri:0, instance:scripts._04_TGLocatorsTest@20322d26]" name="validateListHeaders" duration-ms="0" started-at="2023-06-05T20:51:41 CDT" finished-at="2023-06-05T20:51:41 CDT">
          <reporter-output>
          </reporter-output>
        </test-method> <!-- validateListHeaders -->
        <test-method status="PASS" signature="tearDown()[pri:0, instance:scripts._04_TGLocatorsTest@20322d26]" name="tearDown" is-config="true" duration-ms="581" started-at="2023-06-05T20:51:41 CDT" finished-at="2023-06-05T20:51:41 CDT">
          <reporter-output>
          </reporter-output>
        </test-method> <!-- tearDown -->
        <test-method status="PASS" signature="setUp()[pri:0, instance:scripts._04_TGLocatorsTest@20322d26]" name="setUp" is-config="true" duration-ms="1144" started-at="2023-06-05T20:51:41 CDT" finished-at="2023-06-05T20:51:42 CDT">
          <reporter-output>
          </reporter-output>
        </test-method> <!-- setUp -->
        <test-method status="PASS" signature="setPage()[pri:0, instance:scripts._04_TGLocatorsTest@20322d26]" name="setPage" is-config="true" duration-ms="666" started-at="2023-06-05T20:51:42 CDT" finished-at="2023-06-05T20:51:43 CDT">
          <reporter-output>
          </reporter-output>
        </test-method> <!-- setPage -->
        <test-method status="FAIL" signature="validateTheHeader()[pri:0, instance:scripts._04_TGLocatorsTest@20322d26]" name="validateTheHeader" duration-ms="32049" started-at="2023-06-05T20:51:43 CDT" finished-at="2023-06-05T20:52:15 CDT">
          <exception class="org.openqa.selenium.NoSuchElementException">
            <message>
              <![CDATA[no such element: Unable to locate element: {"method":"css selector","selector":"#card\-2"}
  (Session info: chrome=113.0.5672.129)
For documentation on this error, please visit: https://www.seleniumhq.org/exceptions/no_such_element.html
Build info: version: '3.141.59', revision: 'e82be7d358', time: '2018-11-14T08:17:03'
System info: host: 'DESKTOP-GSM8J5H', ip: '192.168.86.25', os.name: 'Windows 10', os.arch: 'amd64', os.version: '10.0', java.version: '1.8.0_341'
Driver info: org.openqa.selenium.chrome.ChromeDriver
Capabilities {acceptInsecureCerts: false, browserName: chrome, browserVersion: 113.0.5672.129, chrome: {chromedriverVersion: 113.0.5672.63 (0e1a4471d5ae..., userDataDir: C:\Users\Youse\AppData\Loca...}, goog:chromeOptions: {debuggerAddress: localhost:64259}, javascriptEnabled: true, networkConnectionEnabled: false, pageLoadStrategy: normal, platform: WINDOWS, platformName: WINDOWS, proxy: Proxy(), setWindowRect: true, strictFileInteractability: false, timeouts: {implicit: 0, pageLoad: 300000, script: 30000}, unhandledPromptBehavior: dismiss and notify, webauthn:extension:credBlob: true, webauthn:extension:largeBlob: true, webauthn:extension:minPinLength: true, webauthn:extension:prf: true, webauthn:virtualAuthenticators: true}
Session ID: 04bba612dcb84832ca89658ced4718c2
*** Element info: {Using=id, value=card-2}]]>
            </message>
            <full-stacktrace>
              <![CDATA[org.openqa.selenium.NoSuchElementException: no such element: Unable to locate element: {"method":"css selector","selector":"#card\-2"}
  (Session info: chrome=113.0.5672.129)
For documentation on this error, please visit: https://www.seleniumhq.org/exceptions/no_such_element.html
Build info: version: '3.141.59', revision: 'e82be7d358', time: '2018-11-14T08:17:03'
System info: host: 'DESKTOP-GSM8J5H', ip: '192.168.86.25', os.name: 'Windows 10', os.arch: 'amd64', os.version: '10.0', java.version: '1.8.0_341'
Driver info: org.openqa.selenium.chrome.ChromeDriver
Capabilities {acceptInsecureCerts: false, browserName: chrome, browserVersion: 113.0.5672.129, chrome: {chromedriverVersion: 113.0.5672.63 (0e1a4471d5ae..., userDataDir: C:\Users\Youse\AppData\Loca...}, goog:chromeOptions: {debuggerAddress: localhost:64259}, javascriptEnabled: true, networkConnectionEnabled: false, pageLoadStrategy: normal, platform: WINDOWS, platformName: WINDOWS, proxy: Proxy(), setWindowRect: true, strictFileInteractability: false, timeouts: {implicit: 0, pageLoad: 300000, script: 30000}, unhandledPromptBehavior: dismiss and notify, webauthn:extension:credBlob: true, webauthn:extension:largeBlob: true, webauthn:extension:minPinLength: true, webauthn:extension:prf: true, webauthn:virtualAuthenticators: true}
Session ID: 04bba612dcb84832ca89658ced4718c2
*** Element info: {Using=id, value=card-2}
at sun.reflect.NativeConstructorAccessorImpl.newInstance0(Native Method)
at sun.reflect.NativeConstructorAccessorImpl.newInstance(NativeConstructorAccessorImpl.java:62)
at sun.reflect.DelegatingConstructorAccessorImpl.newInstance(DelegatingConstructorAccessorImpl.java:45)
at java.lang.reflect.Constructor.newInstance(Constructor.java:423)
at org.openqa.selenium.remote.http.W3CHttpResponseCodec.createException(W3CHttpResponseCodec.java:187)
at org.openqa.selenium.remote.http.W3CHttpResponseCodec.decode(W3CHttpResponseCodec.java:122)
at org.openqa.selenium.remote.http.W3CHttpResponseCodec.decode(W3CHttpResponseCodec.java:49)
at org.openqa.selenium.remote.HttpCommandExecutor.execute(HttpCommandExecutor.java:158)
at org.openqa.selenium.remote.service.DriverCommandExecutor.execute(DriverCommandExecutor.java:83)
at org.openqa.selenium.remote.RemoteWebDriver.execute(RemoteWebDriver.java:552)
at org.openqa.selenium.remote.RemoteWebDriver.findElement(RemoteWebDriver.java:323)
at org.openqa.selenium.remote.RemoteWebDriver.findElementById(RemoteWebDriver.java:372)
at org.openqa.selenium.By$ById.findElement(By.java:188)
at org.openqa.selenium.remote.RemoteWebDriver.findElement(RemoteWebDriver.java:315)
at scripts._04_TGLocatorsTest.validateTheHeader(_04_TGLocatorsTest.java:25)
at sun.reflect.NativeMethodAccessorImpl.invoke0(Native Method)
at sun.reflect.NativeMethodAccessorImpl.invoke(NativeMethodAccessorImpl.java:62)
at sun.reflect.DelegatingMethodAccessorImpl.invoke(DelegatingMethodAccessorImpl.java:43)
at java.lang.reflect.Method.invoke(Method.java:498)
at org.testng.internal.MethodInvocationHelper.invokeMethod(MethodInvocationHelper.java:134)
at org.testng.internal.TestInvoker.invokeMethod(TestInvoker.java:597)
at org.testng.internal.TestInvoker.invokeTestMethod(TestInvoker.java:173)
at org.testng.internal.MethodRunner.runInSequence(MethodRunner.java:46)
at org.testng.internal.TestInvoker$MethodInvocationAgent.invoke(TestInvoker.java:816)
at org.testng.internal.TestInvoker.invokeTestMethods(TestInvoker.java:146)
at org.testng.internal.TestMethodWorker.invokeTestMethods(TestMethodWorker.java:146)
at org.testng.internal.TestMethodWorker.run(TestMethodWorker.java:128)
at java.util.ArrayList.forEach(ArrayList.java:1259)
at org.testng.TestRunner.privateRun(TestRunner.java:766)
at org.testng.TestRunner.run(TestRunner.java:587)
at org.testng.SuiteRunner.runTest(SuiteRunner.java:384)
at org.testng.SuiteRunner.runSequentially(SuiteRunner.java:378)
at org.testng.SuiteRunner.privateRun(SuiteRunner.java:337)
at org.testng.SuiteRunner.run(SuiteRunner.java:286)
at org.testng.SuiteRunnerWorker.runSuite(SuiteRunnerWorker.java:53)
at org.testng.SuiteRunnerWorker.run(SuiteRunnerWorker.java:96)
at org.testng.TestNG.runSuitesSequentially(TestNG.java:1187)
at org.testng.TestNG.runSuitesLocally(TestNG.java:1109)
at org.testng.TestNG.runSuites(TestNG.java:1039)
at org.testng.TestNG.run(TestNG.java:1007)
at org.apache.maven.surefire.testng.TestNGExecutor.run(TestNGExecutor.java:281)
at org.apache.maven.surefire.testng.TestNGXmlTestSuite.execute(TestNGXmlTestSuite.java:75)
at org.apache.maven.surefire.testng.TestNGProvider.invoke(TestNGProvider.java:121)
at org.apache.maven.surefire.booter.ForkedBooter.invokeProviderInSameClassLoader(ForkedBooter.java:290)
at org.apache.maven.surefire.booter.ForkedBooter.runSuitesInProcess(ForkedBooter.java:242)
at org.apache.maven.surefire.booter.ForkedBooter.main(ForkedBooter.java:121)
]]>
            </full-stacktrace>
          </exception> <!-- org.openqa.selenium.NoSuchElementException -->
          <reporter-output>
          </reporter-output>
        </test-method> <!-- validateTheHeader -->
        <test-method status="PASS" signature="tearDown()[pri:0, instance:scripts._04_TGLocatorsTest@20322d26]" name="tearDown" is-config="true" duration-ms="599" started-at="2023-06-05T20:52:15 CDT" finished-at="2023-06-05T20:52:16 CDT">
          <reporter-output>
          </reporter-output>
        </test-method> <!-- tearDown -->
      </class> <!-- scripts._04_TGLocatorsTest -->
      <class name="scripts._09_TGCheckboxTest">
        <test-method status="PASS" signature="setUp()[pri:0, instance:scripts._09_TGCheckboxTest@148080bb]" name="setUp" is-config="true" duration-ms="1190" started-at="2023-06-05T20:53:14 CDT" finished-at="2023-06-05T20:53:15 CDT">
          <reporter-output>
          </reporter-output>
        </test-method> <!-- setUp -->
        <test-method status="PASS" signature="setPage()[pri:0, instance:scripts._09_TGCheckboxTest@148080bb]" name="setPage" is-config="true" duration-ms="719" started-at="2023-06-05T20:53:15 CDT" finished-at="2023-06-05T20:53:16 CDT">
          <reporter-output>
          </reporter-output>
        </test-method> <!-- setPage -->
        <test-method status="PASS" signature="checkboxTest()[pri:0, instance:scripts._09_TGCheckboxTest@148080bb]" name="checkboxTest" duration-ms="128" started-at="2023-06-05T20:53:16 CDT" finished-at="2023-06-05T20:53:16 CDT">
          <reporter-output>
          </reporter-output>
        </test-method> <!-- checkboxTest -->
        <test-method status="PASS" signature="tearDown()[pri:0, instance:scripts._09_TGCheckboxTest@148080bb]" name="tearDown" is-config="true" duration-ms="597" started-at="2023-06-05T20:53:16 CDT" finished-at="2023-06-05T20:53:17 CDT">
          <reporter-output>
          </reporter-output>
        </test-method> <!-- tearDown -->
      </class> <!-- scripts._09_TGCheckboxTest -->
      <class name="scripts._14_MultipleWindowsTest">
        <test-method status="PASS" signature="setUp()[pri:0, instance:scripts._14_MultipleWindowsTest@617faa95]" name="setUp" is-config="true" duration-ms="1126" started-at="2023-06-05T20:53:47 CDT" finished-at="2023-06-05T20:53:48 CDT">
          <reporter-output>
          </reporter-output>
        </test-method> <!-- setUp -->
        <test-method status="PASS" signature="setPage()[pri:0, instance:scripts._14_MultipleWindowsTest@617faa95]" name="setPage" is-config="true" duration-ms="734" started-at="2023-06-05T20:53:48 CDT" finished-at="2023-06-05T20:53:48 CDT">
          <reporter-output>
          </reporter-output>
        </test-method> <!-- setPage -->
        <test-method status="PASS" signature="validateTheAppleNavigation()[pri:1, instance:scripts._14_MultipleWindowsTest@617faa95]" name="validateTheAppleNavigation" duration-ms="1028" started-at="2023-06-05T20:53:48 CDT" description="TC321 Validate the Apple navigation" finished-at="2023-06-05T20:53:49 CDT">
          <reporter-output>
          </reporter-output>
        </test-method> <!-- validateTheAppleNavigation -->
        <test-method status="PASS" signature="tearDown()[pri:0, instance:scripts._14_MultipleWindowsTest@617faa95]" name="tearDown" is-config="true" duration-ms="590" started-at="2023-06-05T20:53:49 CDT" finished-at="2023-06-05T20:53:50 CDT">
          <reporter-output>
          </reporter-output>
        </test-method> <!-- tearDown -->
        <test-method status="PASS" signature="setUp()[pri:0, instance:scripts._14_MultipleWindowsTest@617faa95]" name="setUp" is-config="true" duration-ms="1135" started-at="2023-06-05T20:53:50 CDT" finished-at="2023-06-05T20:53:51 CDT">
          <reporter-output>
          </reporter-output>
        </test-method> <!-- setUp -->
        <test-method status="PASS" signature="setPage()[pri:0, instance:scripts._14_MultipleWindowsTest@617faa95]" name="setPage" is-config="true" duration-ms="769" started-at="2023-06-05T20:53:51 CDT" finished-at="2023-06-05T20:53:52 CDT">
          <reporter-output>
          </reporter-output>
        </test-method> <!-- setPage -->
        <test-method status="PASS" signature="validateTheMicrosoftNavigation()[pri:2, instance:scripts._14_MultipleWindowsTest@617faa95]" name="validateTheMicrosoftNavigation" duration-ms="1866" started-at="2023-06-05T20:53:52 CDT" description="TC322 Validate the Microsoft navigation" finished-at="2023-06-05T20:53:54 CDT">
          <reporter-output>
          </reporter-output>
        </test-method> <!-- validateTheMicrosoftNavigation -->
        <test-method status="PASS" signature="tearDown()[pri:0, instance:scripts._14_MultipleWindowsTest@617faa95]" name="tearDown" is-config="true" duration-ms="617" started-at="2023-06-05T20:53:54 CDT" finished-at="2023-06-05T20:53:54 CDT">
          <reporter-output>
          </reporter-output>
        </test-method> <!-- tearDown -->
        <test-method status="PASS" signature="setUp()[pri:0, instance:scripts._14_MultipleWindowsTest@617faa95]" name="setUp" is-config="true" duration-ms="1137" started-at="2023-06-05T20:53:54 CDT" finished-at="2023-06-05T20:53:56 CDT">
          <reporter-output>
          </reporter-output>
        </test-method> <!-- setUp -->
        <test-method status="PASS" signature="setPage()[pri:0, instance:scripts._14_MultipleWindowsTest@617faa95]" name="setPage" is-config="true" duration-ms="576" started-at="2023-06-05T20:53:56 CDT" finished-at="2023-06-05T20:53:56 CDT">
          <reporter-output>
          </reporter-output>
        </test-method> <!-- setPage -->
        <test-method status="PASS" signature="validateTheTeslaNavigation()[pri:3, instance:scripts._14_MultipleWindowsTest@617faa95]" name="validateTheTeslaNavigation" duration-ms="2776" started-at="2023-06-05T20:53:56 CDT" description="TC323 Validate the Tesla navigation" finished-at="2023-06-05T20:53:59 CDT">
          <reporter-output>
          </reporter-output>
        </test-method> <!-- validateTheTeslaNavigation -->
        <test-method status="PASS" signature="tearDown()[pri:0, instance:scripts._14_MultipleWindowsTest@617faa95]" name="tearDown" is-config="true" duration-ms="594" started-at="2023-06-05T20:53:59 CDT" finished-at="2023-06-05T20:54:00 CDT">
          <reporter-output>
          </reporter-output>
        </test-method> <!-- tearDown -->
        <test-method status="PASS" signature="setUp()[pri:0, instance:scripts._14_MultipleWindowsTest@617faa95]" name="setUp" is-config="true" duration-ms="1114" started-at="2023-06-05T20:54:00 CDT" finished-at="2023-06-05T20:54:01 CDT">
          <reporter-output>
          </reporter-output>
        </test-method> <!-- setUp -->
        <test-method status="PASS" signature="setPage()[pri:0, instance:scripts._14_MultipleWindowsTest@617faa95]" name="setPage" is-config="true" duration-ms="746" started-at="2023-06-05T20:54:01 CDT" finished-at="2023-06-05T20:54:01 CDT">
          <reporter-output>
          </reporter-output>
        </test-method> <!-- setPage -->
        <test-method status="PASS" signature="validateTheLinkURLs()[pri:4, instance:scripts._14_MultipleWindowsTest@617faa95]" name="validateTheLinkURLs" duration-ms="10171" started-at="2023-06-05T20:54:01 CDT" description="Validate link URLs" finished-at="2023-06-05T20:54:12 CDT">
          <reporter-output>
          </reporter-output>
        </test-method> <!-- validateTheLinkURLs -->
        <test-method status="PASS" signature="tearDown()[pri:0, instance:scripts._14_MultipleWindowsTest@617faa95]" name="tearDown" is-config="true" duration-ms="600" started-at="2023-06-05T20:54:12 CDT" finished-at="2023-06-05T20:54:12 CDT">
          <reporter-output>
          </reporter-output>
        </test-method> <!-- tearDown -->
      </class> <!-- scripts._14_MultipleWindowsTest -->
    </test> <!-- /Users/akinkaya/IdeaProjects/ui_automation_6/src/test/java/scripts -->
  </suite> <!-- All Test Suite -->
</testng-results>
